<?xml version="1.0" encoding="UTF-8"?>
<testng-results skipped="0" failed="0" ignored="0" total="1" passed="1">
  <reporter-output>
  </reporter-output>
  <suite name="Default suite" duration-ms="13627" started-at="2017-09-27T17:11:01Z" finished-at="2017-09-27T17:11:15Z">
    <groups>
    </groups>
    <test name="Default test" duration-ms="13627" started-at="2017-09-27T17:11:01Z" finished-at="2017-09-27T17:11:15Z">
      <class name="test.test01">
        <test-method status="PASS" signature="testcase1()[pri:0, instance:test.test01@cc285f4]" name="testcase1" duration-ms="13590" started-at="2017-09-27T11:11:01Z" finished-at="2017-09-27T11:11:15Z">
          <reporter-output>
          </reporter-output>
        </test-method> <!-- testcase1 -->
      </class> <!-- test.test01 -->
    </test> <!-- Default test -->
  </suite> <!-- Default suite -->
</testng-results>
